2023-11-21 14:59:54,122 | INFO  | Using Persistence Adapter: KahaDBPersistenceAdapter[D:\OneDrive\TGM_4AHIT\SYT\MidEng\7.2\apache-activemq-6.0.0\data\kahadb] | org.apache.activemq.broker.BrokerService | main
2023-11-21 14:59:54,130 | INFO  | Starting Persistence Adapter: KahaDBPersistenceAdapter[D:\OneDrive\TGM_4AHIT\SYT\MidEng\7.2\apache-activemq-6.0.0\data\kahadb] | org.apache.activemq.broker.BrokerService | main
2023-11-21 14:59:54,184 | INFO  | Starting KahaDBStore | org.apache.activemq.store.kahadb.KahaDBStore | main
2023-11-21 14:59:54,184 | INFO  | Opening MessageDatabase | org.apache.activemq.store.kahadb.MessageDatabase | main
2023-11-21 14:59:54,600 | INFO  | Starting Temp Data Store | org.apache.activemq.broker.BrokerService | main
2023-11-21 14:59:54,600 | INFO  | PListStore:[D:\OneDrive\TGM_4AHIT\SYT\MidEng\7.2\apache-activemq-6.0.0\data\localhost\tmp_storage] started | org.apache.activemq.store.kahadb.plist.PListStoreImpl | main
2023-11-21 14:59:54,600 | INFO  | Starting Job Scheduler Store | org.apache.activemq.broker.BrokerService | main
2023-11-21 14:59:54,600 | INFO  | Persistence Adapter successfully started | org.apache.activemq.broker.BrokerService | main
2023-11-21 14:59:54,795 | INFO  | Apache ActiveMQ 6.0.0 (localhost, ID:LEONB2-44439-1700575194639-0:1) is starting | org.apache.activemq.broker.BrokerService | main
2023-11-21 14:59:54,827 | INFO  | Listening for connections at: tcp://LEONB2:61616?maximumConnections=1000&wireFormat.maxFrameSize=104857600 | org.apache.activemq.transport.TransportServerThreadSupport | main
2023-11-21 14:59:54,827 | INFO  | Connector openwire started | org.apache.activemq.broker.TransportConnector | main
2023-11-21 14:59:54,835 | INFO  | Listening for connections at: amqp://LEONB2:5672?maximumConnections=1000&wireFormat.maxFrameSize=104857600 | org.apache.activemq.transport.TransportServerThreadSupport | main
2023-11-21 14:59:54,835 | INFO  | Connector amqp started | org.apache.activemq.broker.TransportConnector | main
2023-11-21 14:59:54,843 | INFO  | Listening for connections at: stomp://LEONB2:61613?maximumConnections=1000&wireFormat.maxFrameSize=104857600 | org.apache.activemq.transport.TransportServerThreadSupport | main
2023-11-21 14:59:54,843 | INFO  | Connector stomp started | org.apache.activemq.broker.TransportConnector | main
2023-11-21 14:59:54,851 | INFO  | Listening for connections at: mqtt://LEONB2:1883?maximumConnections=1000&wireFormat.maxFrameSize=104857600 | org.apache.activemq.transport.TransportServerThreadSupport | main
2023-11-21 14:59:54,851 | INFO  | Connector mqtt started | org.apache.activemq.broker.TransportConnector | main
2023-11-21 14:59:54,859 | INFO  | Starting Jetty server | org.apache.activemq.transport.WebTransportServerSupport | main
2023-11-21 14:59:54,947 | INFO  | Creating Jetty connector | org.apache.activemq.transport.WebTransportServerSupport | main
2023-11-21 14:59:55,115 | WARN  | ServletContext@o.e.j.s.ServletContextHandler@27d33393{/,null,STARTING} has uncovered HTTP methods for the following paths: [/] | org.eclipse.jetty.security.SecurityHandler | main
2023-11-21 14:59:55,395 | INFO  | Listening for connections at ws://LEONB2:61614?maximumConnections=1000&wireFormat.maxFrameSize=104857600 | org.apache.activemq.transport.ws.WSTransportServer | main
2023-11-21 14:59:55,395 | INFO  | Connector ws started | org.apache.activemq.broker.TransportConnector | main
2023-11-21 14:59:55,395 | INFO  | Apache ActiveMQ 6.0.0 (localhost, ID:LEONB2-44439-1700575194639-0:1) started | org.apache.activemq.broker.BrokerService | main
2023-11-21 14:59:55,395 | INFO  | For help or more information please see: http://activemq.apache.org | org.apache.activemq.broker.BrokerService | main
2023-11-21 14:59:55,411 | WARN  | Store limit is 102400 mb (current store usage is 0 mb). The data directory: D:\OneDrive\TGM_4AHIT\SYT\MidEng\7.2\apache-activemq-6.0.0\data\kahadb only has 68462 mb of usable space. - resetting to maximum available disk space: 68462 mb | org.apache.activemq.broker.BrokerService | main
2023-11-21 14:59:56,471 | INFO  | ActiveMQ WebConsole available at http://127.0.0.1:8161/ | org.apache.activemq.web.WebConsoleStarter | main
2023-11-21 14:59:56,471 | INFO  | ActiveMQ Jolokia REST API available at http://127.0.0.1:8161/api/jolokia/ | org.apache.activemq.web.WebConsoleStarter | main
2023-11-21 14:59:57,166 | WARN  | unavailable | org.eclipse.jetty.server.handler.ContextHandler.api | main
java.lang.NullPointerException: Cannot invoke "String.length()" because "replacement" is null
	at java.base/java.util.regex.Matcher.appendExpandedReplacement(Matcher.java:1023)
	at java.base/java.util.regex.Matcher.appendReplacement(Matcher.java:1006)
	at org.jolokia.server.core.util.NetworkUtil.replaceExpression(NetworkUtil.java:359)
	at org.jolokia.server.core.restrictor.RestrictorFactory.createRestrictor(RestrictorFactory.java:62)
	at org.jolokia.server.core.http.AgentServlet.createRestrictor(AgentServlet.java:236)
	at org.jolokia.server.core.http.AgentServlet.init(AgentServlet.java:126)
	at org.eclipse.jetty.servlet.ServletHolder$Wrapper.init(ServletHolder.java:1305)
	at org.eclipse.jetty.servlet.ServletHolder.initServlet(ServletHolder.java:633)
	at org.eclipse.jetty.servlet.ServletHolder.initialize(ServletHolder.java:415)
	at org.eclipse.jetty.servlet.ServletHandler.lambda$initialize$2(ServletHandler.java:725)
	at java.base/java.util.stream.SortedOps$SizedRefSortingSink.end(SortedOps.java:357)
	at java.base/java.util.stream.AbstractPipeline.copyInto(AbstractPipeline.java:510)
	at java.base/java.util.stream.AbstractPipeline.wrapAndCopyInto(AbstractPipeline.java:499)
	at java.base/java.util.stream.StreamSpliterators$WrappingSpliterator.forEachRemaining(StreamSpliterators.java:310)
	at java.base/java.util.stream.Streams$ConcatSpliterator.forEachRemaining(Streams.java:735)
	at java.base/java.util.stream.ReferencePipeline$Head.forEach(ReferencePipeline.java:762)
	at org.eclipse.jetty.servlet.ServletHandler.initialize(ServletHandler.java:749)
	at org.eclipse.jetty.servlet.ServletContextHandler.startContext(ServletContextHandler.java:392)
	at org.eclipse.jetty.webapp.WebAppContext.startContext(WebAppContext.java:1305)
	at org.eclipse.jetty.server.handler.ContextHandler.doStart(ContextHandler.java:902)
	at org.eclipse.jetty.servlet.ServletContextHandler.doStart(ServletContextHandler.java:306)
	at org.eclipse.jetty.webapp.WebAppContext.doStart(WebAppContext.java:533)
	at org.eclipse.jetty.util.component.AbstractLifeCycle.start(AbstractLifeCycle.java:93)
	at org.eclipse.jetty.util.component.ContainerLifeCycle.start(ContainerLifeCycle.java:171)
	at org.eclipse.jetty.util.component.ContainerLifeCycle.doStart(ContainerLifeCycle.java:121)
	at org.eclipse.jetty.server.handler.AbstractHandler.doStart(AbstractHandler.java:89)
	at org.eclipse.jetty.util.component.AbstractLifeCycle.start(AbstractLifeCycle.java:93)
	at org.eclipse.jetty.util.component.ContainerLifeCycle.start(ContainerLifeCycle.java:171)
	at org.eclipse.jetty.util.component.ContainerLifeCycle.doStart(ContainerLifeCycle.java:114)
	at org.eclipse.jetty.server.handler.AbstractHandler.doStart(AbstractHandler.java:89)
	at org.eclipse.jetty.security.SecurityHandler.doStart(SecurityHandler.java:393)
	at org.eclipse.jetty.security.ConstraintSecurityHandler.doStart(ConstraintSecurityHandler.java:407)
	at org.eclipse.jetty.util.component.AbstractLifeCycle.start(AbstractLifeCycle.java:93)
	at org.eclipse.jetty.util.component.ContainerLifeCycle.start(ContainerLifeCycle.java:171)
	at org.eclipse.jetty.util.component.ContainerLifeCycle.doStart(ContainerLifeCycle.java:121)
	at org.eclipse.jetty.server.handler.AbstractHandler.doStart(AbstractHandler.java:89)
	at org.eclipse.jetty.util.component.AbstractLifeCycle.start(AbstractLifeCycle.java:93)
	at org.eclipse.jetty.util.component.ContainerLifeCycle.start(ContainerLifeCycle.java:171)
	at org.eclipse.jetty.server.Server.start(Server.java:470)
	at org.eclipse.jetty.util.component.ContainerLifeCycle.doStart(ContainerLifeCycle.java:114)
	at org.eclipse.jetty.server.handler.AbstractHandler.doStart(AbstractHandler.java:89)
	at org.eclipse.jetty.server.Server.doStart(Server.java:415)
	at org.eclipse.jetty.util.component.AbstractLifeCycle.start(AbstractLifeCycle.java:93)
	at java.base/jdk.internal.reflect.DirectMethodHandleAccessor.invoke(DirectMethodHandleAccessor.java:104)
	at java.base/java.lang.reflect.Method.invoke(Method.java:578)
	at org.springframework.util.MethodInvoker.invoke(MethodInvoker.java:285)
	at org.springframework.beans.factory.config.MethodInvokingBean.invokeWithTargetException(MethodInvokingBean.java:123)
	at org.springframework.beans.factory.config.MethodInvokingFactoryBean.afterPropertiesSet(MethodInvokingFactoryBean.java:108)
	at org.springframework.beans.factory.support.AbstractAutowireCapableBeanFactory.invokeInitMethods(AbstractAutowireCapableBeanFactory.java:1817)
	at org.springframework.beans.factory.support.AbstractAutowireCapableBeanFactory.initializeBean(AbstractAutowireCapableBeanFactory.java:1766)
	at org.springframework.beans.factory.support.AbstractAutowireCapableBeanFactory.doCreateBean(AbstractAutowireCapableBeanFactory.java:598)
	at org.springframework.beans.factory.support.AbstractAutowireCapableBeanFactory.createBean(AbstractAutowireCapableBeanFactory.java:520)
	at org.springframework.beans.factory.support.AbstractBeanFactory.lambda$doGetBean$0(AbstractBeanFactory.java:325)
	at org.springframework.beans.factory.support.DefaultSingletonBeanRegistry.getSingleton(DefaultSingletonBeanRegistry.java:234)
	at org.springframework.beans.factory.support.AbstractBeanFactory.doGetBean(AbstractBeanFactory.java:323)
	at org.springframework.beans.factory.support.AbstractBeanFactory.getBean(AbstractBeanFactory.java:199)
	at org.springframework.beans.factory.support.DefaultListableBeanFactory.preInstantiateSingletons(DefaultListableBeanFactory.java:967)
	at org.springframework.context.support.AbstractApplicationContext.finishBeanFactoryInitialization(AbstractApplicationContext.java:950)
	at org.springframework.context.support.AbstractApplicationContext.refresh(AbstractApplicationContext.java:616)
	at org.apache.xbean.spring.context.ResourceXmlApplicationContext.<init>(ResourceXmlApplicationContext.java:64)
	at org.apache.xbean.spring.context.ResourceXmlApplicationContext.<init>(ResourceXmlApplicationContext.java:52)
	at org.apache.activemq.xbean.XBeanBrokerFactory$1.<init>(XBeanBrokerFactory.java:104)
	at org.apache.activemq.xbean.XBeanBrokerFactory.createApplicationContext(XBeanBrokerFactory.java:104)
	at org.apache.activemq.xbean.XBeanBrokerFactory.createBroker(XBeanBrokerFactory.java:67)
	at org.apache.activemq.broker.BrokerFactory.createBroker(BrokerFactory.java:71)
	at org.apache.activemq.broker.BrokerFactory.createBroker(BrokerFactory.java:54)
	at org.apache.activemq.console.command.StartCommand.runTask(StartCommand.java:87)
	at org.apache.activemq.console.command.AbstractCommand.execute(AbstractCommand.java:63)
	at org.apache.activemq.console.command.ShellCommand.runTask(ShellCommand.java:154)
	at org.apache.activemq.console.command.AbstractCommand.execute(AbstractCommand.java:63)
	at org.apache.activemq.console.command.ShellCommand.main(ShellCommand.java:104)
	at java.base/jdk.internal.reflect.DirectMethodHandleAccessor.invoke(DirectMethodHandleAccessor.java:104)
	at java.base/java.lang.reflect.Method.invoke(Method.java:578)
	at org.apache.activemq.console.Main.runTaskClass(Main.java:262)
	at org.apache.activemq.console.Main.main(Main.java:115)
2023-11-21 14:59:57,182 | WARN  | Failed startup of context o.e.j.w.WebAppContext@108e9837{Apache ActiveMQ REST API,/api,file:///D:/OneDrive/TGM_4AHIT/SYT/MidEng/7.2/apache-activemq-6.0.0/webapps/api/,UNAVAILABLE} | org.eclipse.jetty.webapp.WebAppContext | main
jakarta.servlet.ServletException: jolokia-agent==org.jolokia.server.core.http.AgentServlet@c61e72f3{jsp=null,order=1,inst=true,async=false,src=DESCRIPTOR:file:///D:/OneDrive/TGM_4AHIT/SYT/MidEng/7.2/apache-activemq-6.0.0/webapps/api/WEB-INF/web.xml,STARTED}
	at org.eclipse.jetty.servlet.ServletHolder.initServlet(ServletHolder.java:651)
	at org.eclipse.jetty.servlet.ServletHolder.initialize(ServletHolder.java:415)
	at org.eclipse.jetty.servlet.ServletHandler.lambda$initialize$2(ServletHandler.java:725)
	at java.base/java.util.stream.SortedOps$SizedRefSortingSink.end(SortedOps.java:357)
	at java.base/java.util.stream.AbstractPipeline.copyInto(AbstractPipeline.java:510)
	at java.base/java.util.stream.AbstractPipeline.wrapAndCopyInto(AbstractPipeline.java:499)
	at java.base/java.util.stream.StreamSpliterators$WrappingSpliterator.forEachRemaining(StreamSpliterators.java:310)
	at java.base/java.util.stream.Streams$ConcatSpliterator.forEachRemaining(Streams.java:735)
	at java.base/java.util.stream.ReferencePipeline$Head.forEach(ReferencePipeline.java:762)
	at org.eclipse.jetty.servlet.ServletHandler.initialize(ServletHandler.java:749)
	at org.eclipse.jetty.servlet.ServletContextHandler.startContext(ServletContextHandler.java:392)
	at org.eclipse.jetty.webapp.WebAppContext.startContext(WebAppContext.java:1305)
	at org.eclipse.jetty.server.handler.ContextHandler.doStart(ContextHandler.java:902)
	at org.eclipse.jetty.servlet.ServletContextHandler.doStart(ServletContextHandler.java:306)
	at org.eclipse.jetty.webapp.WebAppContext.doStart(WebAppContext.java:533)
	at org.eclipse.jetty.util.component.AbstractLifeCycle.start(AbstractLifeCycle.java:93)
	at org.eclipse.jetty.util.component.ContainerLifeCycle.start(ContainerLifeCycle.java:171)
	at org.eclipse.jetty.util.component.ContainerLifeCycle.doStart(ContainerLifeCycle.java:121)
	at org.eclipse.jetty.server.handler.AbstractHandler.doStart(AbstractHandler.java:89)
	at org.eclipse.jetty.util.component.AbstractLifeCycle.start(AbstractLifeCycle.java:93)
	at org.eclipse.jetty.util.component.ContainerLifeCycle.start(ContainerLifeCycle.java:171)
	at org.eclipse.jetty.util.component.ContainerLifeCycle.doStart(ContainerLifeCycle.java:114)
	at org.eclipse.jetty.server.handler.AbstractHandler.doStart(AbstractHandler.java:89)
	at org.eclipse.jetty.security.SecurityHandler.doStart(SecurityHandler.java:393)
	at org.eclipse.jetty.security.ConstraintSecurityHandler.doStart(ConstraintSecurityHandler.java:407)
	at org.eclipse.jetty.util.component.AbstractLifeCycle.start(AbstractLifeCycle.java:93)
	at org.eclipse.jetty.util.component.ContainerLifeCycle.start(ContainerLifeCycle.java:171)
	at org.eclipse.jetty.util.component.ContainerLifeCycle.doStart(ContainerLifeCycle.java:121)
	at org.eclipse.jetty.server.handler.AbstractHandler.doStart(AbstractHandler.java:89)
	at org.eclipse.jetty.util.component.AbstractLifeCycle.start(AbstractLifeCycle.java:93)
	at org.eclipse.jetty.util.component.ContainerLifeCycle.start(ContainerLifeCycle.java:171)
	at org.eclipse.jetty.server.Server.start(Server.java:470)
	at org.eclipse.jetty.util.component.ContainerLifeCycle.doStart(ContainerLifeCycle.java:114)
	at org.eclipse.jetty.server.handler.AbstractHandler.doStart(AbstractHandler.java:89)
	at org.eclipse.jetty.server.Server.doStart(Server.java:415)
	at org.eclipse.jetty.util.component.AbstractLifeCycle.start(AbstractLifeCycle.java:93)
	at java.base/jdk.internal.reflect.DirectMethodHandleAccessor.invoke(DirectMethodHandleAccessor.java:104)
	at java.base/java.lang.reflect.Method.invoke(Method.java:578)
	at org.springframework.util.MethodInvoker.invoke(MethodInvoker.java:285)
	at org.springframework.beans.factory.config.MethodInvokingBean.invokeWithTargetException(MethodInvokingBean.java:123)
	at org.springframework.beans.factory.config.MethodInvokingFactoryBean.afterPropertiesSet(MethodInvokingFactoryBean.java:108)
	at org.springframework.beans.factory.support.AbstractAutowireCapableBeanFactory.invokeInitMethods(AbstractAutowireCapableBeanFactory.java:1817)
	at org.springframework.beans.factory.support.AbstractAutowireCapableBeanFactory.initializeBean(AbstractAutowireCapableBeanFactory.java:1766)
	at org.springframework.beans.factory.support.AbstractAutowireCapableBeanFactory.doCreateBean(AbstractAutowireCapableBeanFactory.java:598)
	at org.springframework.beans.factory.support.AbstractAutowireCapableBeanFactory.createBean(AbstractAutowireCapableBeanFactory.java:520)
	at org.springframework.beans.factory.support.AbstractBeanFactory.lambda$doGetBean$0(AbstractBeanFactory.java:325)
	at org.springframework.beans.factory.support.DefaultSingletonBeanRegistry.getSingleton(DefaultSingletonBeanRegistry.java:234)
	at org.springframework.beans.factory.support.AbstractBeanFactory.doGetBean(AbstractBeanFactory.java:323)
	at org.springframework.beans.factory.support.AbstractBeanFactory.getBean(AbstractBeanFactory.java:199)
	at org.springframework.beans.factory.support.DefaultListableBeanFactory.preInstantiateSingletons(DefaultListableBeanFactory.java:967)
	at org.springframework.context.support.AbstractApplicationContext.finishBeanFactoryInitialization(AbstractApplicationContext.java:950)
	at org.springframework.context.support.AbstractApplicationContext.refresh(AbstractApplicationContext.java:616)
	at org.apache.xbean.spring.context.ResourceXmlApplicationContext.<init>(ResourceXmlApplicationContext.java:64)
	at org.apache.xbean.spring.context.ResourceXmlApplicationContext.<init>(ResourceXmlApplicationContext.java:52)
	at org.apache.activemq.xbean.XBeanBrokerFactory$1.<init>(XBeanBrokerFactory.java:104)
	at org.apache.activemq.xbean.XBeanBrokerFactory.createApplicationContext(XBeanBrokerFactory.java:104)
	at org.apache.activemq.xbean.XBeanBrokerFactory.createBroker(XBeanBrokerFactory.java:67)
	at org.apache.activemq.broker.BrokerFactory.createBroker(BrokerFactory.java:71)
	at org.apache.activemq.broker.BrokerFactory.createBroker(BrokerFactory.java:54)
	at org.apache.activemq.console.command.StartCommand.runTask(StartCommand.java:87)
	at org.apache.activemq.console.command.AbstractCommand.execute(AbstractCommand.java:63)
	at org.apache.activemq.console.command.ShellCommand.runTask(ShellCommand.java:154)
	at org.apache.activemq.console.command.AbstractCommand.execute(AbstractCommand.java:63)
	at org.apache.activemq.console.command.ShellCommand.main(ShellCommand.java:104)
	at java.base/jdk.internal.reflect.DirectMethodHandleAccessor.invoke(DirectMethodHandleAccessor.java:104)
	at java.base/java.lang.reflect.Method.invoke(Method.java:578)
	at org.apache.activemq.console.Main.runTaskClass(Main.java:262)
	at org.apache.activemq.console.Main.main(Main.java:115)
Caused by: java.lang.NullPointerException: Cannot invoke "String.length()" because "replacement" is null
	at java.base/java.util.regex.Matcher.appendExpandedReplacement(Matcher.java:1023)
	at java.base/java.util.regex.Matcher.appendReplacement(Matcher.java:1006)
	at org.jolokia.server.core.util.NetworkUtil.replaceExpression(NetworkUtil.java:359)
	at org.jolokia.server.core.restrictor.RestrictorFactory.createRestrictor(RestrictorFactory.java:62)
	at org.jolokia.server.core.http.AgentServlet.createRestrictor(AgentServlet.java:236)
	at org.jolokia.server.core.http.AgentServlet.init(AgentServlet.java:126)
	at org.eclipse.jetty.servlet.ServletHolder$Wrapper.init(ServletHolder.java:1305)
	at org.eclipse.jetty.servlet.ServletHolder.initServlet(ServletHolder.java:633)
	... 67 more
2023-11-21 14:59:59,722 | INFO  | Using Persistence Adapter: KahaDBPersistenceAdapter[D:\OneDrive\TGM_4AHIT\SYT\MidEng\7.2\apache-activemq-6.0.0\bin\..\data\kahadb] | org.apache.activemq.broker.BrokerService | main
2023-11-21 14:59:59,730 | INFO  | Starting Persistence Adapter: KahaDBPersistenceAdapter[D:\OneDrive\TGM_4AHIT\SYT\MidEng\7.2\apache-activemq-6.0.0\bin\..\data\kahadb] | org.apache.activemq.broker.BrokerService | main
2023-11-21 14:59:59,762 | INFO  | Database D:\OneDrive\TGM_4AHIT\SYT\MidEng\7.2\apache-activemq-6.0.0\bin\..\data\kahadb\lock is locked by another server. This broker is now in slave mode waiting a lock to be acquired | org.apache.activemq.store.SharedFileLocker | main
2023-11-28 09:26:09,988 | INFO  | Using Persistence Adapter: KahaDBPersistenceAdapter[D:\OneDrive\TGM_4AHIT\SYT\MidEng\7.2\apache-activemq-6.0.0\bin\..\data\kahadb] | org.apache.activemq.broker.BrokerService | main
2023-11-28 09:26:10,002 | INFO  | Starting Persistence Adapter: KahaDBPersistenceAdapter[D:\OneDrive\TGM_4AHIT\SYT\MidEng\7.2\apache-activemq-6.0.0\bin\..\data\kahadb] | org.apache.activemq.broker.BrokerService | main
2023-11-28 09:26:10,029 | INFO  | Starting KahaDBStore | org.apache.activemq.store.kahadb.KahaDBStore | main
2023-11-28 09:26:10,029 | INFO  | Opening MessageDatabase | org.apache.activemq.store.kahadb.MessageDatabase | main
2023-11-28 09:26:10,544 | INFO  | Starting Temp Data Store | org.apache.activemq.broker.BrokerService | main
2023-11-28 09:26:10,545 | INFO  | PListStore:[D:\OneDrive\TGM_4AHIT\SYT\MidEng\7.2\apache-activemq-6.0.0\bin\..\data\localhost\tmp_storage] started | org.apache.activemq.store.kahadb.plist.PListStoreImpl | main
2023-11-28 09:26:10,547 | INFO  | Starting Job Scheduler Store | org.apache.activemq.broker.BrokerService | main
2023-11-28 09:26:10,547 | INFO  | Persistence Adapter successfully started | org.apache.activemq.broker.BrokerService | main
2023-11-28 09:26:10,753 | INFO  | Apache ActiveMQ 6.0.0 (localhost, ID:LeoNB3-57894-1701159970565-0:1) is starting | org.apache.activemq.broker.BrokerService | main
2023-11-28 09:26:10,790 | INFO  | Listening for connections at: tcp://LeoNB3:61616?maximumConnections=1000&wireFormat.maxFrameSize=104857600 | org.apache.activemq.transport.TransportServerThreadSupport | main
2023-11-28 09:26:10,791 | INFO  | Connector openwire started | org.apache.activemq.broker.TransportConnector | main
2023-11-28 09:26:10,802 | INFO  | Listening for connections at: amqp://LeoNB3:5672?maximumConnections=1000&wireFormat.maxFrameSize=104857600 | org.apache.activemq.transport.TransportServerThreadSupport | main
2023-11-28 09:26:10,803 | INFO  | Connector amqp started | org.apache.activemq.broker.TransportConnector | main
2023-11-28 09:26:10,808 | INFO  | Listening for connections at: stomp://LeoNB3:61613?maximumConnections=1000&wireFormat.maxFrameSize=104857600 | org.apache.activemq.transport.TransportServerThreadSupport | main
2023-11-28 09:26:10,811 | INFO  | Connector stomp started | org.apache.activemq.broker.TransportConnector | main
2023-11-28 09:26:10,817 | INFO  | Listening for connections at: mqtt://LeoNB3:1883?maximumConnections=1000&wireFormat.maxFrameSize=104857600 | org.apache.activemq.transport.TransportServerThreadSupport | main
2023-11-28 09:26:10,817 | INFO  | Connector mqtt started | org.apache.activemq.broker.TransportConnector | main
2023-11-28 09:26:10,825 | INFO  | Starting Jetty server | org.apache.activemq.transport.WebTransportServerSupport | main
2023-11-28 09:26:10,911 | INFO  | Creating Jetty connector | org.apache.activemq.transport.WebTransportServerSupport | main
2023-11-28 09:26:11,150 | WARN  | ServletContext@o.e.j.s.ServletContextHandler@23f86d8a{/,null,STARTING} has uncovered HTTP methods for the following paths: [/] | org.eclipse.jetty.security.SecurityHandler | main
2023-11-28 09:26:11,356 | INFO  | Listening for connections at ws://LeoNB3:61614?maximumConnections=1000&wireFormat.maxFrameSize=104857600 | org.apache.activemq.transport.ws.WSTransportServer | main
2023-11-28 09:26:11,357 | INFO  | Connector ws started | org.apache.activemq.broker.TransportConnector | main
2023-11-28 09:26:11,357 | INFO  | Apache ActiveMQ 6.0.0 (localhost, ID:LeoNB3-57894-1701159970565-0:1) started | org.apache.activemq.broker.BrokerService | main
2023-11-28 09:26:11,357 | INFO  | For help or more information please see: http://activemq.apache.org | org.apache.activemq.broker.BrokerService | main
2023-11-28 09:26:16,287 | INFO  | ActiveMQ WebConsole available at http://127.0.0.1:8161/ | org.apache.activemq.web.WebConsoleStarter | main
2023-11-28 09:26:16,287 | INFO  | ActiveMQ Jolokia REST API available at http://127.0.0.1:8161/api/jolokia/ | org.apache.activemq.web.WebConsoleStarter | main
